<?xml version="1.0" encoding="UTF-8"?>
<testsuite name="SILab2Test" tests="2" skipped="0" failures="0" errors="0" timestamp="2024-05-24T14:34:37" hostname="DESKTOP-B2JS5BQ" time="0.015">
  <properties/>
  <testcase name="testMultipleCondition" classname="SILab2Test" time="0.007"/>
  <testcase name="testEveryBranch" classname="SILab2Test" time="0.008"/>
  <system-out><![CDATA[Test allItems == null
Test name == null, barcode == null
Testing if barcode has invalid character
Test discount > 0, price >= 300, barcode[0] == '0', sum >= payment
Test sum < payment, discount < 0
]]></system-out>
  <system-err><![CDATA[]]></system-err>
</testsuite>
